<?xml version="1.0" encoding="UTF-8"?>
<testsuite name="com.example.employeemanagement.controller.EmployeeControllerTest" tests="4" skipped="0" failures="0" errors="0" timestamp="2026-05-28T02:42:33" hostname="LAPTOP-BAP" time="0.279">
  <properties/>
  <testcase name="getAllEmployees_Return200()" classname="com.example.employeemanagement.controller.EmployeeControllerTest" time="0.17"/>
  <testcase name="getById_Found_Return200()" classname="com.example.employeemanagement.controller.EmployeeControllerTest" time="0.02"/>
  <testcase name="addEmployee_Return201()" classname="com.example.employeemanagement.controller.EmployeeControllerTest" time="0.079"/>
  <testcase name="getById_NotFound_Return404()" classname="com.example.employeemanagement.controller.EmployeeControllerTest" time="0.006"/>
  <system-out><![CDATA[09:42:31.897 [Test worker] INFO org.springframework.test.context.support.AnnotationConfigContextLoaderUtils -- Could not detect default configuration classes for test class [com.example.employeemanagement.controller.EmployeeControllerTest]: EmployeeControllerTest does not declare any static, non-private, non-final, nested classes annotated with @Configuration.
09:42:32.007 [Test worker] INFO org.springframework.boot.test.context.SpringBootTestContextBootstrapper -- Found @SpringBootConfiguration com.example.employeemanagement.EmployeeManagementApplication for test class com.example.employeemanagement.controller.EmployeeControllerTest

  .   ____          _            __ _ _
 /\\ / ___'_ __ _ _(_)_ __  __ _ \ \ \ \
( ( )\___ | '_ | '_| | '_ \/ _` | \ \ \ \
 \\/  ___)| |_)| | | | | || (_| |  ) ) ) )
  '  |____| .__|_| |_|_| |_\__, | / / / /
 =========|_|==============|___/=/_/_/_/
 :: Spring Boot ::                (v3.2.5)

09:42:32 [INFO] c.e.e.c.EmployeeControllerTest - Starting EmployeeControllerTest using Java 17.0.12 with PID 27460 (started by Chien in D:\HN_KS24_CNTT2_IT211_JAVA_WEB_SERVICE\Session13_MiniProject)
09:42:32 [DEBUG] c.e.e.c.EmployeeControllerTest - Running with Spring Boot v3.2.5, Spring v6.1.6
09:42:32 [INFO] c.e.e.c.EmployeeControllerTest - No active profile set, falling back to 1 default profile: "default"
09:42:33 [INFO] o.s.b.t.m.w.SpringBootMockServletContext - Initializing Spring TestDispatcherServlet ''
09:42:33 [INFO] o.s.t.w.s.TestDispatcherServlet - Initializing Servlet ''
09:42:33 [INFO] o.s.t.w.s.TestDispatcherServlet - Completed initialization in 1 ms
09:42:33 [INFO] c.e.e.c.EmployeeControllerTest - Started EmployeeControllerTest in 1.816 seconds (process running for 2.677)
09:42:33 [INFO] c.e.e.controller.EmployeeController - GET /api/employees called
09:42:34 [INFO] c.e.e.controller.EmployeeController - GET /api/employees/1 called
09:42:34 [INFO] c.e.e.controller.EmployeeController - POST /api/employees called
09:42:34 [INFO] c.e.e.controller.EmployeeController - GET /api/employees/99 called
09:42:34 [ERROR] c.e.e.controller.EmployeeController - Loi: Khong tim thay nhan vien voi id: 99
]]></system-out>
  <system-err><![CDATA[]]></system-err>
</testsuite>
